<?xml version="1.0" encoding="UTF-8"?>
<testsuite name="Tests" tests="1" skipped="0" failures="0" errors="0" timestamp="2020-10-16T01:54:21" hostname="DESKTOP-85N1P8B" time="71.818">
  <properties/>
  <testcase name="testSearchLenovo" classname="Tests" time="71.818"/>
  <system-out><![CDATA[Start
Banner turned on , wait for loading.
Element was find
Element was find
Element was find
Element was find
Element was find
Element was find
 973,00 
Element was find
Element was find
Element was find
 1 499,00 
Start
Banner turned on , wait for loading.
Element was find
Element was find
Element was find
Element was find
Element was find
Element was find
 973,00 
Element was find
Element was find
Element was find
 1 499,00 
Start
Banner turned off
Element was find
Element was find
Element was find
Element was find
Element was find
Element was find
 973,00 
Element was find
Element was find
Element was find
 1 499,00 
]]></system-out>
  <system-err><![CDATA[]]></system-err>
</testsuite>
